<?xml version="1.0" encoding="UTF-8"?>
<!-- Generated by org.testng.reporters.JUnitReportReporter -->
<testsuite skipped="0" hostname="RAJEEV" name="Testing.Automation.App" tests="1" failures="0" timestamp="14 Jan 2021 19:58:56 GMT" time="9.480" errors="0">
  <testcase name="sample" time="9.480" classname="Testing.Automation.App"/>
</testsuite> <!-- Testing.Automation.App -->
